
=== Wed Nov 27 11:31:55 2019

Packages were changed.
Update Mode: updateDependencies

The following packages were added:
  com.unity.2d.tilemap@1.0.0
  com.unity.ext.nunit@1.0.0
  com.unity.test-framework@1.0.13
  com.unity.2d.sprite@1.0.0
  com.unity.ide.vscode@1.1.0
  com.unity.ide.rider@1.1.0
  com.unity.ugui@1.0.0
  com.unity.modules.androidjni@1.0.0
The following packages were updated:
  com.unity.package-manager-ui from version 2.1.2 to 2.2.0
  com.unity.shadergraph from version 5.7.2 to 6.9.0
  com.unity.timeline from version 1.0.0 to 1.1.0

=== Wed Jul  8 17:08:27 2020

Packages were changed.
Update Mode: updateDependencies

The following packages were updated:
  com.unity.analytics from version 3.3.2 to 3.3.5
  com.unity.ide.rider from version 1.1.0 to 1.1.4
  com.unity.ide.vscode from version 1.1.0 to 1.1.4
  com.unity.postprocessing from version 2.1.7 to 2.3.0
  com.unity.shadergraph from version 6.9.0 to 7.1.8
  com.unity.test-framework from version 1.0.13 to 1.1.11
  com.unity.timeline from version 1.1.0 to 1.2.10
The following packages were removed:
  com.unity.package-manager-ui@2.2.0

=== Sat Oct 17 13:39:23 2020

Packages were changed.
Update Mode: updateDependencies

The following packages were updated:
  com.unity.ads from version 2.0.8 to 3.4.7
  com.unity.ide.vscode from version 1.1.4 to 1.2.1
  com.unity.shadergraph from version 7.1.8 to 7.3.1
  com.unity.test-framework from version 1.1.11 to 1.1.14
